# JRE version: OpenJDK Runtime Environment (17.0+35) (build 17+35-2724)
# Java VM: OpenJDK 64-Bit Server VM (17+35-2724, mixed mode, sharing, tiered, compressed oops, compressed class ptrs, g1 gc, windows-amd64)
GC Precious Log:
 CPUs: 8 total, 8 available
 Memory: 16276M
 Large Page Support: Disabled
 NUMA Support: Disabled
 Compressed Oops: Enabled (Zero based)
 Heap Region Size: 2M
 Heap Min Capacity: 8M
 Heap Initial Capacity: 256M
 Heap Max Capacity: 4070M
 Pre-touch: Disabled
 Parallel Workers: 8
 Concurrent Workers: 2
 Concurrent Refinement Workers: 8
 Periodic GC: Disabled
Heap:
 garbage-first heap   total 454656K, used 362541K [0x0000000701a00000, 0x0000000800000000)
  region size 2048K, 50 young (102400K), 1 survivors (2048K)
 Metaspace       used 4760K, committed 4928K, reserved 1056768K
  class space    used 350K, committed 448K, reserved 1048576K
GC Heap History (20 events):
Event: 2.506 GC heap before
{Heap before GC invocations=0 (full 0):
 garbage-first heap   total 262144K, used 67584K [0x0000000701a00000, 0x0000000800000000)
  region size 2048K, 11 young (22528K), 0 survivors (0K)
 Metaspace       used 3072K, committed 3200K, reserved 1056768K
  class space    used 197K, committed 256K, reserved 1048576K
}
Event: 2.509 GC heap after
{Heap after GC invocations=1 (full 0):
 garbage-first heap   total 262144K, used 2645K [0x0000000701a00000, 0x0000000800000000)
  region size 2048K, 2 young (4096K), 2 survivors (4096K)
 Metaspace       used 3072K, committed 3200K, reserved 1056768K
  class space    used 197K, committed 256K, reserved 1048576K
}
Event: 4.334 GC heap before
{Heap before GC invocations=1 (full 0):
 garbage-first heap   total 262144K, used 88661K [0x0000000701a00000, 0x0000000800000000)
  region size 2048K, 20 young (40960K), 2 survivors (4096K)
 Metaspace       used 3098K, committed 3264K, reserved 1056768K
  class space    used 197K, committed 256K, reserved 1048576K
}
Event: 4.338 GC heap after
{Heap after GC invocations=2 (full 0):
 garbage-first heap   total 262144K, used 3848K [0x0000000701a00000, 0x0000000800000000)
  region size 2048K, 2 young (4096K), 2 survivors (4096K)
 Metaspace       used 3098K, committed 3264K, reserved 1056768K
  class space    used 197K, committed 256K, reserved 1048576K
}
Event: 5.102 GC heap before
{Heap before GC invocations=2 (full 0):
 garbage-first heap   total 262144K, used 116488K [0x0000000701a00000, 0x0000000800000000)
  region size 2048K, 14 young (28672K), 2 survivors (4096K)
 Metaspace       used 4317K, committed 4480K, reserved 1056768K
  class space    used 317K, committed 384K, reserved 1048576K
}
Event: 5.106 GC heap after
{Heap after GC invocations=3 (full 0):
 garbage-first heap   total 262144K, used 81188K [0x0000000701a00000, 0x0000000800000000)
  region size 2048K, 10 young (20480K), 10 survivors (20480K)
 Metaspace       used 4317K, committed 4480K, reserved 1056768K
  class space    used 317K, committed 384K, reserved 1048576K
}
Event: 5.130 GC heap before
{Heap before GC invocations=3 (full 0):
 garbage-first heap   total 262144K, used 132388K [0x0000000701a00000, 0x0000000800000000)
  region size 2048K, 10 young (20480K), 10 survivors (20480K)
 Metaspace       used 4317K, committed 4480K, reserved 1056768K
  class space    used 317K, committed 384K, reserved 1048576K
}
Event: 5.133 GC heap after
{Heap after GC invocations=4 (full 0):
 garbage-first heap   total 262144K, used 131107K [0x0000000701a00000, 0x0000000800000000)
  region size 2048K, 0 young (0K), 0 survivors (0K)
 Metaspace       used 4317K, committed 4480K, reserved 1056768K
  class space    used 317K, committed 384K, reserved 1048576K
}
Event: 5.234 GC heap before
{Heap before GC invocations=5 (full 0):
 garbage-first heap   total 280576K, used 270371K [0x0000000701a00000, 0x0000000800000000)
  region size 2048K, 4 young (8192K), 0 survivors (0K)
 Metaspace       used 4318K, committed 4480K, reserved 1056768K
  class space    used 317K, committed 384K, reserved 1048576K
}
Event: 5.234 GC heap after
{Heap after GC invocations=6 (full 0):
 garbage-first heap   total 280576K, used 264832K [0x0000000701a00000, 0x0000000800000000)
  region size 2048K, 1 young (2048K), 1 survivors (2048K)
 Metaspace       used 4318K, committed 4480K, reserved 1056768K
  class space    used 317K, committed 384K, reserved 1048576K
}
Event: 5.250 GC heap before
{Heap before GC invocations=6 (full 0):
 garbage-first heap   total 280576K, used 270976K [0x0000000701a00000, 0x0000000800000000)
  region size 2048K, 5 young (10240K), 1 survivors (2048K)
 Metaspace       used 4321K, committed 4480K, reserved 1056768K
  class space    used 317K, committed 384K, reserved 1048576K
}
Event: 5.250 GC heap after
{Heap after GC invocations=7 (full 0):
 garbage-first heap   total 280576K, used 264317K [0x0000000701a00000, 0x0000000800000000)
  region size 2048K, 1 young (2048K), 1 survivors (2048K)
 Metaspace       used 4321K, committed 4480K, reserved 1056768K
  class space    used 317K, committed 384K, reserved 1048576K
}
Event: 5.270 GC heap before
{Heap before GC invocations=8 (full 0):
 garbage-first heap   total 450560K, used 274557K [0x0000000701a00000, 0x0000000800000000)
  region size 2048K, 6 young (12288K), 1 survivors (2048K)
 Metaspace       used 4321K, committed 4480K, reserved 1056768K
  class space    used 317K, committed 384K, reserved 1048576K
}
Event: 5.270 GC heap after
{Heap after GC invocations=9 (full 0):
 garbage-first heap   total 450560K, used 264255K [0x0000000701a00000, 0x0000000800000000)
  region size 2048K, 1 young (2048K), 1 survivors (2048K)
 Metaspace       used 4321K, committed 4480K, reserved 1056768K
  class space    used 317K, committed 384K, reserved 1048576K
}
Event: 5.438 GC heap before
{Heap before GC invocations=9 (full 0):
 garbage-first heap   total 450560K, used 389183K [0x0000000701a00000, 0x0000000800000000)
  region size 2048K, 62 young (126976K), 1 survivors (2048K)
 Metaspace       used 4321K, committed 4480K, reserved 1056768K
  class space    used 317K, committed 384K, reserved 1048576K
}
Event: 5.439 GC heap after
{Heap after GC invocations=10 (full 0):
 garbage-first heap   total 450560K, used 264237K [0x0000000701a00000, 0x0000000800000000)
  region size 2048K, 1 young (2048K), 1 survivors (2048K)
 Metaspace       used 4321K, committed 4480K, reserved 1056768K
  class space    used 317K, committed 384K, reserved 1048576K
}
Event: 5.563 GC heap before
{Heap before GC invocations=11 (full 0):
 garbage-first heap   total 454656K, used 391213K [0x0000000701a00000, 0x0000000800000000)
  region size 2048K, 63 young (129024K), 1 survivors (2048K)
 Metaspace       used 4321K, committed 4480K, reserved 1056768K
  class space    used 317K, committed 384K, reserved 1048576K
}
Event: 5.564 GC heap after
{Heap after GC invocations=12 (full 0):
 garbage-first heap   total 454656K, used 264237K [0x0000000701a00000, 0x0000000800000000)
  region size 2048K, 1 young (2048K), 1 survivors (2048K)
 Metaspace       used 4321K, committed 4480K, reserved 1056768K
  class space    used 317K, committed 384K, reserved 1048576K
}
Event: 5.689 GC heap before
{Heap before GC invocations=12 (full 0):
 garbage-first heap   total 454656K, used 395309K [0x0000000701a00000, 0x0000000800000000)
  region size 2048K, 65 young (133120K), 1 survivors (2048K)
 Metaspace       used 4321K, committed 4480K, reserved 1056768K
  class space    used 317K, committed 384K, reserved 1048576K
}
Event: 5.690 GC heap after
{Heap after GC invocations=13 (full 0):
 garbage-first heap   total 454656K, used 264237K [0x0000000701a00000, 0x0000000800000000)
  region size 2048K, 1 young (2048K), 1 survivors (2048K)
 Metaspace       used 4321K, committed 4480K, reserved 1056768K
  class space    used 317K, committed 384K, reserved 1048576K
}

