# JRE version: OpenJDK Runtime Environment (17.0+35) (build 17+35-2724)
# Java VM: OpenJDK 64-Bit Server VM (17+35-2724, mixed mode, sharing, tiered, compressed oops, compressed class ptrs, g1 gc, windows-amd64)
GC Precious Log:
 CPUs: 8 total, 8 available
 Memory: 16276M
 Large Page Support: Disabled
 NUMA Support: Disabled
 Compressed Oops: Enabled (Zero based)
 Heap Region Size: 2M
 Heap Min Capacity: 8M
 Heap Initial Capacity: 256M
 Heap Max Capacity: 4070M
 Pre-touch: Disabled
 Parallel Workers: 8
 Concurrent Workers: 2
 Concurrent Refinement Workers: 8
 Periodic GC: Disabled
Heap:
 garbage-first heap   total 548864K, used 272450K [0x0000000701a00000, 0x0000000800000000)
  region size 2048K, 6 young (12288K), 1 survivors (2048K)
 Metaspace       used 4758K, committed 4928K, reserved 1056768K
  class space    used 350K, committed 448K, reserved 1048576K
GC Heap History (20 events):
Event: 2.515 GC heap before
{Heap before GC invocations=0 (full 0):
 garbage-first heap   total 262144K, used 67584K [0x0000000701a00000, 0x0000000800000000)
  region size 2048K, 11 young (22528K), 0 survivors (0K)
 Metaspace       used 3071K, committed 3200K, reserved 1056768K
  class space    used 197K, committed 256K, reserved 1048576K
}
Event: 2.519 GC heap after
{Heap after GC invocations=1 (full 0):
 garbage-first heap   total 262144K, used 2687K [0x0000000701a00000, 0x0000000800000000)
  region size 2048K, 2 young (4096K), 2 survivors (4096K)
 Metaspace       used 3071K, committed 3200K, reserved 1056768K
  class space    used 197K, committed 256K, reserved 1048576K
}
Event: 4.347 GC heap before
{Heap before GC invocations=1 (full 0):
 garbage-first heap   total 262144K, used 86655K [0x0000000701a00000, 0x0000000800000000)
  region size 2048K, 20 young (40960K), 2 survivors (4096K)
 Metaspace       used 3097K, committed 3264K, reserved 1056768K
  class space    used 197K, committed 256K, reserved 1048576K
}
Event: 4.350 GC heap after
{Heap after GC invocations=2 (full 0):
 garbage-first heap   total 262144K, used 3902K [0x0000000701a00000, 0x0000000800000000)
  region size 2048K, 2 young (4096K), 2 survivors (4096K)
 Metaspace       used 3097K, committed 3264K, reserved 1056768K
  class space    used 197K, committed 256K, reserved 1048576K
}
Event: 5.159 GC heap before
{Heap before GC invocations=2 (full 0):
 garbage-first heap   total 262144K, used 116542K [0x0000000701a00000, 0x0000000800000000)
  region size 2048K, 14 young (28672K), 2 survivors (4096K)
 Metaspace       used 4311K, committed 4480K, reserved 1056768K
  class space    used 317K, committed 384K, reserved 1048576K
}
Event: 5.163 GC heap after
{Heap after GC invocations=3 (full 0):
 garbage-first heap   total 262144K, used 81302K [0x0000000701a00000, 0x0000000800000000)
  region size 2048K, 10 young (20480K), 10 survivors (20480K)
 Metaspace       used 4311K, committed 4480K, reserved 1056768K
  class space    used 317K, committed 384K, reserved 1048576K
}
Event: 5.187 GC heap before
{Heap before GC invocations=3 (full 0):
 garbage-first heap   total 262144K, used 132502K [0x0000000701a00000, 0x0000000800000000)
  region size 2048K, 10 young (20480K), 10 survivors (20480K)
 Metaspace       used 4311K, committed 4480K, reserved 1056768K
  class space    used 317K, committed 384K, reserved 1048576K
}
Event: 5.190 GC heap after
{Heap after GC invocations=4 (full 0):
 garbage-first heap   total 262144K, used 131128K [0x0000000701a00000, 0x0000000800000000)
  region size 2048K, 0 young (0K), 0 survivors (0K)
 Metaspace       used 4311K, committed 4480K, reserved 1056768K
  class space    used 317K, committed 384K, reserved 1048576K
}
Event: 5.265 GC heap before
{Heap before GC invocations=5 (full 0):
 garbage-first heap   total 280576K, used 270392K [0x0000000701a00000, 0x0000000800000000)
  region size 2048K, 4 young (8192K), 0 survivors (0K)
 Metaspace       used 4313K, committed 4480K, reserved 1056768K
  class space    used 317K, committed 384K, reserved 1048576K
}
Event: 5.266 GC heap after
{Heap after GC invocations=6 (full 0):
 garbage-first heap   total 280576K, used 264854K [0x0000000701a00000, 0x0000000800000000)
  region size 2048K, 1 young (2048K), 1 survivors (2048K)
 Metaspace       used 4313K, committed 4480K, reserved 1056768K
  class space    used 317K, committed 384K, reserved 1048576K
}
Event: 5.277 GC heap before
{Heap before GC invocations=6 (full 0):
 garbage-first heap   total 280576K, used 270998K [0x0000000701a00000, 0x0000000800000000)
  region size 2048K, 5 young (10240K), 1 survivors (2048K)
 Metaspace       used 4316K, committed 4480K, reserved 1056768K
  class space    used 317K, committed 384K, reserved 1048576K
}
Event: 5.278 GC heap after
{Heap after GC invocations=7 (full 0):
 garbage-first heap   total 280576K, used 264400K [0x0000000701a00000, 0x0000000800000000)
  region size 2048K, 1 young (2048K), 1 survivors (2048K)
 Metaspace       used 4316K, committed 4480K, reserved 1056768K
  class space    used 317K, committed 384K, reserved 1048576K
}
Event: 5.295 GC heap before
{Heap before GC invocations=8 (full 0):
 garbage-first heap   total 454656K, used 274640K [0x0000000701a00000, 0x0000000800000000)
  region size 2048K, 6 young (12288K), 1 survivors (2048K)
 Metaspace       used 4316K, committed 4480K, reserved 1056768K
  class space    used 317K, committed 384K, reserved 1048576K
}
Event: 5.296 GC heap after
{Heap after GC invocations=9 (full 0):
 garbage-first heap   total 454656K, used 264288K [0x0000000701a00000, 0x0000000800000000)
  region size 2048K, 1 young (2048K), 1 survivors (2048K)
 Metaspace       used 4316K, committed 4480K, reserved 1056768K
  class space    used 317K, committed 384K, reserved 1048576K
}
Event: 5.482 GC heap before
{Heap before GC invocations=9 (full 0):
 garbage-first heap   total 454656K, used 391264K [0x0000000701a00000, 0x0000000800000000)
  region size 2048K, 63 young (129024K), 1 survivors (2048K)
 Metaspace       used 4316K, committed 4480K, reserved 1056768K
  class space    used 317K, committed 384K, reserved 1048576K
}
Event: 5.483 GC heap after
{Heap after GC invocations=10 (full 0):
 garbage-first heap   total 454656K, used 264262K [0x0000000701a00000, 0x0000000800000000)
  region size 2048K, 1 young (2048K), 1 survivors (2048K)
 Metaspace       used 4316K, committed 4480K, reserved 1056768K
  class space    used 317K, committed 384K, reserved 1048576K
}
Event: 5.616 GC heap before
{Heap before GC invocations=11 (full 0):
 garbage-first heap   total 454656K, used 393286K [0x0000000701a00000, 0x0000000800000000)
  region size 2048K, 64 young (131072K), 1 survivors (2048K)
 Metaspace       used 4316K, committed 4480K, reserved 1056768K
  class space    used 317K, committed 384K, reserved 1048576K
}
Event: 5.617 GC heap after
{Heap after GC invocations=12 (full 0):
 garbage-first heap   total 548864K, used 264262K [0x0000000701a00000, 0x0000000800000000)
  region size 2048K, 1 young (2048K), 1 survivors (2048K)
 Metaspace       used 4316K, committed 4480K, reserved 1056768K
  class space    used 317K, committed 384K, reserved 1048576K
}
Event: 5.870 GC heap before
{Heap before GC invocations=12 (full 0):
 garbage-first heap   total 548864K, used 481350K [0x0000000701a00000, 0x0000000800000000)
  region size 2048K, 107 young (219136K), 1 survivors (2048K)
 Metaspace       used 4316K, committed 4480K, reserved 1056768K
  class space    used 317K, committed 384K, reserved 1048576K
}
Event: 5.871 GC heap after
{Heap after GC invocations=13 (full 0):
 garbage-first heap   total 548864K, used 264258K [0x0000000701a00000, 0x0000000800000000)
  region size 2048K, 1 young (2048K), 1 survivors (2048K)
 Metaspace       used 4316K, committed 4480K, reserved 1056768K
  class space    used 317K, committed 384K, reserved 1048576K
}

